C:\USERS\AOB\DOCUMENTS\VISUAL STUDIO 2012\PROJECTS\COURS_C++\GRAPHESNOTES\DEBUG\MAIN.OBJ
C:\USERS\AOB\DOCUMENTS\VISUAL STUDIO 2012\PROJECTS\COURS_C++\GRAPHESNOTES\DEBUG\VC110.PDB
C:\USERS\AOB\DOCUMENTS\VISUAL STUDIO 2012\PROJECTS\COURS_C++\DEBUG\GRAPHESNOTES.ILK
C:\USERS\AOB\DOCUMENTS\VISUAL STUDIO 2012\PROJECTS\COURS_C++\DEBUG\GRAPHESNOTES.EXE
C:\USERS\AOB\DOCUMENTS\VISUAL STUDIO 2012\PROJECTS\COURS_C++\DEBUG\GRAPHESNOTES.PDB
C:\Users\aob\Documents\visual studio 2012\Projects\COURS_C++\GraphesNotes\Debug\main.obj
C:\Users\aob\Documents\visual studio 2012\Projects\COURS_C++\GraphesNotes\Debug\cl.command.1.tlog
C:\Users\aob\Documents\visual studio 2012\Projects\COURS_C++\GraphesNotes\Debug\CL.read.1.tlog
C:\Users\aob\Documents\visual studio 2012\Projects\COURS_C++\GraphesNotes\Debug\CL.write.1.tlog
C:\Users\aob\Documents\visual studio 2012\Projects\COURS_C++\GraphesNotes\Debug\link-cvtres.read.1.tlog
C:\Users\aob\Documents\visual studio 2012\Projects\COURS_C++\GraphesNotes\Debug\link-cvtres.write.1.tlog
C:\Users\aob\Documents\visual studio 2012\Projects\COURS_C++\GraphesNotes\Debug\link-rc.read.1.tlog
C:\Users\aob\Documents\visual studio 2012\Projects\COURS_C++\GraphesNotes\Debug\link-rc.write.1.tlog
C:\Users\aob\Documents\visual studio 2012\Projects\COURS_C++\GraphesNotes\Debug\link.3348-cvtres.read.1.tlog
C:\Users\aob\Documents\visual studio 2012\Projects\COURS_C++\GraphesNotes\Debug\link.3348-cvtres.write.1.tlog
C:\Users\aob\Documents\visual studio 2012\Projects\COURS_C++\GraphesNotes\Debug\link.3348-rc.read.1.tlog
C:\Users\aob\Documents\visual studio 2012\Projects\COURS_C++\GraphesNotes\Debug\link.3348-rc.write.1.tlog
C:\Users\aob\Documents\visual studio 2012\Projects\COURS_C++\GraphesNotes\Debug\link.3348.read.1.tlog
C:\Users\aob\Documents\visual studio 2012\Projects\COURS_C++\GraphesNotes\Debug\link.3348.write.1.tlog
C:\Users\aob\Documents\visual studio 2012\Projects\COURS_C++\GraphesNotes\Debug\link.4156-cvtres.read.1.tlog
C:\Users\aob\Documents\visual studio 2012\Projects\COURS_C++\GraphesNotes\Debug\link.4156-cvtres.write.1.tlog
C:\Users\aob\Documents\visual studio 2012\Projects\COURS_C++\GraphesNotes\Debug\link.4156-rc.read.1.tlog
C:\Users\aob\Documents\visual studio 2012\Projects\COURS_C++\GraphesNotes\Debug\link.4156-rc.write.1.tlog
C:\Users\aob\Documents\visual studio 2012\Projects\COURS_C++\GraphesNotes\Debug\link.4156.read.1.tlog
C:\Users\aob\Documents\visual studio 2012\Projects\COURS_C++\GraphesNotes\Debug\link.4156.write.1.tlog
C:\Users\aob\Documents\visual studio 2012\Projects\COURS_C++\GraphesNotes\Debug\link.4936-cvtres.read.1.tlog
C:\Users\aob\Documents\visual studio 2012\Projects\COURS_C++\GraphesNotes\Debug\link.4936-cvtres.write.1.tlog
C:\Users\aob\Documents\visual studio 2012\Projects\COURS_C++\GraphesNotes\Debug\link.4936-rc.read.1.tlog
C:\Users\aob\Documents\visual studio 2012\Projects\COURS_C++\GraphesNotes\Debug\link.4936-rc.write.1.tlog
C:\Users\aob\Documents\visual studio 2012\Projects\COURS_C++\GraphesNotes\Debug\link.4936.read.1.tlog
C:\Users\aob\Documents\visual studio 2012\Projects\COURS_C++\GraphesNotes\Debug\link.4936.write.1.tlog
C:\Users\aob\Documents\visual studio 2012\Projects\COURS_C++\GraphesNotes\Debug\link.command.1.tlog
C:\Users\aob\Documents\visual studio 2012\Projects\COURS_C++\GraphesNotes\Debug\link.read.1.tlog
C:\Users\aob\Documents\visual studio 2012\Projects\COURS_C++\GraphesNotes\Debug\link.write.1.tlog
C:\Users\aob\Documents\visual studio 2012\Projects\COURS_C++\GraphesNotes\Debug\vc110.idb
C:\Users\aob\Documents\visual studio 2012\Projects\COURS_C++\GraphesNotes\Debug\vc110.pdb
C:\Users\aob\Documents\visual studio 2012\Projects\COURS_C++\Debug\GraphesNotes.pdb
C:\Users\aob\Documents\visual studio 2012\Projects\COURS_C++\Debug\GraphesNotes.exe
C:\Users\aob\Documents\visual studio 2012\Projects\COURS_C++\Debug\GraphesNotes.ilk
