C:\USERS\AOB\DOCUMENTS\VISUAL STUDIO 2012\PROJECTS\COURS_C++\LABYRINTHE\DEBUG\JOUEUR.OBJ
C:\USERS\AOB\DOCUMENTS\VISUAL STUDIO 2012\PROJECTS\COURS_C++\LABYRINTHE\DEBUG\MAIN.OBJ
C:\USERS\AOB\DOCUMENTS\VISUAL STUDIO 2012\PROJECTS\COURS_C++\LABYRINTHE\DEBUG\VC110.PDB
C:\USERS\AOB\DOCUMENTS\VISUAL STUDIO 2012\PROJECTS\COURS_C++\LABYRINTHE\DEBUG\ENNEMIBASE.OBJ
C:\USERS\AOB\DOCUMENTS\VISUAL STUDIO 2012\PROJECTS\COURS_C++\LABYRINTHE\DEBUG\ENNEMIVERT.OBJ
C:\USERS\AOB\DOCUMENTS\VISUAL STUDIO 2012\PROJECTS\COURS_C++\LABYRINTHE\DEBUG\PERSONNAGEBASE.OBJ
C:\USERS\AOB\DOCUMENTS\VISUAL STUDIO 2012\PROJECTS\COURS_C++\LABYRINTHE\DEBUG\ENNEMIROUGE.OBJ
C:\USERS\AOB\DOCUMENTS\VISUAL STUDIO 2012\PROJECTS\COURS_C++\DEBUG\LABYRINTHE.ILK
C:\USERS\AOB\DOCUMENTS\VISUAL STUDIO 2012\PROJECTS\COURS_C++\DEBUG\LABYRINTHE.EXE
C:\USERS\AOB\DOCUMENTS\VISUAL STUDIO 2012\PROJECTS\COURS_C++\DEBUG\LABYRINTHE.PDB
C:\Users\aob\Documents\visual studio 2012\Projects\COURS_C++\Labyrinthe\Debug\EnnemiBase.obj
C:\Users\aob\Documents\visual studio 2012\Projects\COURS_C++\Labyrinthe\Debug\EnnemiRouge.obj
C:\Users\aob\Documents\visual studio 2012\Projects\COURS_C++\Labyrinthe\Debug\EnnemiVert.obj
C:\Users\aob\Documents\visual studio 2012\Projects\COURS_C++\Labyrinthe\Debug\Joueur.obj
C:\Users\aob\Documents\visual studio 2012\Projects\COURS_C++\Labyrinthe\Debug\main.obj
C:\Users\aob\Documents\visual studio 2012\Projects\COURS_C++\Labyrinthe\Debug\PersonnageBase.obj
C:\Users\aob\Documents\visual studio 2012\Projects\COURS_C++\Labyrinthe\Debug\cl.command.1.tlog
C:\Users\aob\Documents\visual studio 2012\Projects\COURS_C++\Labyrinthe\Debug\CL.read.1.tlog
C:\Users\aob\Documents\visual studio 2012\Projects\COURS_C++\Labyrinthe\Debug\CL.write.1.tlog
C:\Users\aob\Documents\visual studio 2012\Projects\COURS_C++\Labyrinthe\Debug\link-cvtres.read.1.tlog
C:\Users\aob\Documents\visual studio 2012\Projects\COURS_C++\Labyrinthe\Debug\link-cvtres.write.1.tlog
C:\Users\aob\Documents\visual studio 2012\Projects\COURS_C++\Labyrinthe\Debug\link-rc.read.1.tlog
C:\Users\aob\Documents\visual studio 2012\Projects\COURS_C++\Labyrinthe\Debug\link-rc.write.1.tlog
C:\Users\aob\Documents\visual studio 2012\Projects\COURS_C++\Labyrinthe\Debug\link.3552-cvtres.read.1.tlog
C:\Users\aob\Documents\visual studio 2012\Projects\COURS_C++\Labyrinthe\Debug\link.3552-cvtres.write.1.tlog
C:\Users\aob\Documents\visual studio 2012\Projects\COURS_C++\Labyrinthe\Debug\link.3552-rc.read.1.tlog
C:\Users\aob\Documents\visual studio 2012\Projects\COURS_C++\Labyrinthe\Debug\link.3552-rc.write.1.tlog
C:\Users\aob\Documents\visual studio 2012\Projects\COURS_C++\Labyrinthe\Debug\link.3552.read.1.tlog
C:\Users\aob\Documents\visual studio 2012\Projects\COURS_C++\Labyrinthe\Debug\link.3552.write.1.tlog
C:\Users\aob\Documents\visual studio 2012\Projects\COURS_C++\Labyrinthe\Debug\link.3784-cvtres.read.1.tlog
C:\Users\aob\Documents\visual studio 2012\Projects\COURS_C++\Labyrinthe\Debug\link.3784-cvtres.write.1.tlog
C:\Users\aob\Documents\visual studio 2012\Projects\COURS_C++\Labyrinthe\Debug\link.3784-rc.read.1.tlog
C:\Users\aob\Documents\visual studio 2012\Projects\COURS_C++\Labyrinthe\Debug\link.3784-rc.write.1.tlog
C:\Users\aob\Documents\visual studio 2012\Projects\COURS_C++\Labyrinthe\Debug\link.3784.read.1.tlog
C:\Users\aob\Documents\visual studio 2012\Projects\COURS_C++\Labyrinthe\Debug\link.3784.write.1.tlog
C:\Users\aob\Documents\visual studio 2012\Projects\COURS_C++\Labyrinthe\Debug\link.4404-cvtres.read.1.tlog
C:\Users\aob\Documents\visual studio 2012\Projects\COURS_C++\Labyrinthe\Debug\link.4404-cvtres.write.1.tlog
C:\Users\aob\Documents\visual studio 2012\Projects\COURS_C++\Labyrinthe\Debug\link.4404-rc.read.1.tlog
C:\Users\aob\Documents\visual studio 2012\Projects\COURS_C++\Labyrinthe\Debug\link.4404-rc.write.1.tlog
C:\Users\aob\Documents\visual studio 2012\Projects\COURS_C++\Labyrinthe\Debug\link.4404.read.1.tlog
C:\Users\aob\Documents\visual studio 2012\Projects\COURS_C++\Labyrinthe\Debug\link.4404.write.1.tlog
C:\Users\aob\Documents\visual studio 2012\Projects\COURS_C++\Labyrinthe\Debug\link.5080-cvtres.read.1.tlog
C:\Users\aob\Documents\visual studio 2012\Projects\COURS_C++\Labyrinthe\Debug\link.5080-cvtres.write.1.tlog
C:\Users\aob\Documents\visual studio 2012\Projects\COURS_C++\Labyrinthe\Debug\link.5080-rc.read.1.tlog
C:\Users\aob\Documents\visual studio 2012\Projects\COURS_C++\Labyrinthe\Debug\link.5080-rc.write.1.tlog
C:\Users\aob\Documents\visual studio 2012\Projects\COURS_C++\Labyrinthe\Debug\link.5080.read.1.tlog
C:\Users\aob\Documents\visual studio 2012\Projects\COURS_C++\Labyrinthe\Debug\link.5080.write.1.tlog
C:\Users\aob\Documents\visual studio 2012\Projects\COURS_C++\Labyrinthe\Debug\link.5552-cvtres.read.1.tlog
C:\Users\aob\Documents\visual studio 2012\Projects\COURS_C++\Labyrinthe\Debug\link.5552-cvtres.write.1.tlog
C:\Users\aob\Documents\visual studio 2012\Projects\COURS_C++\Labyrinthe\Debug\link.5552-rc.read.1.tlog
C:\Users\aob\Documents\visual studio 2012\Projects\COURS_C++\Labyrinthe\Debug\link.5552-rc.write.1.tlog
C:\Users\aob\Documents\visual studio 2012\Projects\COURS_C++\Labyrinthe\Debug\link.5552.read.1.tlog
C:\Users\aob\Documents\visual studio 2012\Projects\COURS_C++\Labyrinthe\Debug\link.5552.write.1.tlog
C:\Users\aob\Documents\visual studio 2012\Projects\COURS_C++\Labyrinthe\Debug\link.command.1.tlog
C:\Users\aob\Documents\visual studio 2012\Projects\COURS_C++\Labyrinthe\Debug\link.read.1.tlog
C:\Users\aob\Documents\visual studio 2012\Projects\COURS_C++\Labyrinthe\Debug\link.write.1.tlog
C:\Users\aob\Documents\visual studio 2012\Projects\COURS_C++\Labyrinthe\Debug\vc110.idb
C:\Users\aob\Documents\visual studio 2012\Projects\COURS_C++\Labyrinthe\Debug\vc110.pdb
C:\Users\aob\Documents\visual studio 2012\Projects\COURS_C++\Debug\Labyrinthe.pdb
C:\Users\aob\Documents\visual studio 2012\Projects\COURS_C++\Debug\Labyrinthe.exe
C:\Users\aob\Documents\visual studio 2012\Projects\COURS_C++\Debug\Labyrinthe.ilk
