C:\USERS\AOB\DOCUMENTS\VISUAL STUDIO 2012\PROJECTS\COURS_C++\MORPION\DEBUG\MORPION.PCH
C:\USERS\AOB\DOCUMENTS\VISUAL STUDIO 2012\PROJECTS\COURS_C++\MORPION\DEBUG\STDAFX.OBJ
C:\USERS\AOB\DOCUMENTS\VISUAL STUDIO 2012\PROJECTS\COURS_C++\MORPION\DEBUG\VC110.PDB
C:\USERS\AOB\DOCUMENTS\VISUAL STUDIO 2012\PROJECTS\COURS_C++\MORPION\DEBUG\MORPION.OBJ
C:\USERS\AOB\DOCUMENTS\VISUAL STUDIO 2012\PROJECTS\COURS_C++\MORPION\DEBUG\JOUEUR.OBJ
C:\USERS\AOB\DOCUMENTS\VISUAL STUDIO 2012\PROJECTS\COURS_C++\MORPION\DEBUG\ASSEMBLYINFO.OBJ
C:\USERS\AOB\DOCUMENTS\VISUAL STUDIO 2012\PROJECTS\COURS_C++\MORPION\DEBUG\.NETFRAMEWORK,VERSION=V4.5.ASSEMBLYATTRIBUTES.OBJ
C:\USERS\AOB\DOCUMENTS\VISUAL STUDIO 2012\PROJECTS\COURS_C++\DEBUG\MORPION.ILK
C:\USERS\AOB\DOCUMENTS\VISUAL STUDIO 2012\PROJECTS\COURS_C++\DEBUG\MORPION.EXE
C:\USERS\AOB\DOCUMENTS\VISUAL STUDIO 2012\PROJECTS\COURS_C++\DEBUG\MORPION.PDB
C:\Users\aob\Documents\visual studio 2012\Projects\COURS_C++\Morpion\Debug\Morpion.Form1.resources
C:\USERS\AOB\DOCUMENTS\VISUAL STUDIO 2012\PROJECTS\COURS_C++\MORPION\DEBUG\APP.RES
C:\Users\aob\Documents\visual studio 2012\Projects\COURS_C++\Morpion\Debug\Morpion.vcxproj.GenerateResource.Cache
C:\Users\aob\Documents\visual studio 2012\Projects\COURS_C++\Morpion\Debug\.NETFramework,Version=v4.5.AssemblyAttributes.obj
C:\Users\aob\Documents\visual studio 2012\Projects\COURS_C++\Morpion\Debug\AssemblyInfo.obj
C:\Users\aob\Documents\visual studio 2012\Projects\COURS_C++\Morpion\Debug\Joueur.obj
C:\Users\aob\Documents\visual studio 2012\Projects\COURS_C++\Morpion\Debug\Morpion.obj
C:\Users\aob\Documents\visual studio 2012\Projects\COURS_C++\Morpion\Debug\stdafx.obj
C:\Users\aob\Documents\visual studio 2012\Projects\COURS_C++\Morpion\Debug\cl.command.1.tlog
C:\Users\aob\Documents\visual studio 2012\Projects\COURS_C++\Morpion\Debug\CL.read.1.tlog
C:\Users\aob\Documents\visual studio 2012\Projects\COURS_C++\Morpion\Debug\CL.write.1.tlog
C:\Users\aob\Documents\visual studio 2012\Projects\COURS_C++\Morpion\Debug\link.5900-cvtres.read.1.tlog
C:\Users\aob\Documents\visual studio 2012\Projects\COURS_C++\Morpion\Debug\link.5900-cvtres.write.1.tlog
C:\Users\aob\Documents\visual studio 2012\Projects\COURS_C++\Morpion\Debug\link.5900-rc.read.1.tlog
C:\Users\aob\Documents\visual studio 2012\Projects\COURS_C++\Morpion\Debug\link.5900-rc.write.1.tlog
C:\Users\aob\Documents\visual studio 2012\Projects\COURS_C++\Morpion\Debug\link.5900.read.1.tlog
C:\Users\aob\Documents\visual studio 2012\Projects\COURS_C++\Morpion\Debug\link.5900.write.1.tlog
C:\Users\aob\Documents\visual studio 2012\Projects\COURS_C++\Morpion\Debug\link.704-cvtres.read.1.tlog
C:\Users\aob\Documents\visual studio 2012\Projects\COURS_C++\Morpion\Debug\link.704-cvtres.write.1.tlog
C:\Users\aob\Documents\visual studio 2012\Projects\COURS_C++\Morpion\Debug\link.704-rc.read.1.tlog
C:\Users\aob\Documents\visual studio 2012\Projects\COURS_C++\Morpion\Debug\link.704-rc.write.1.tlog
C:\Users\aob\Documents\visual studio 2012\Projects\COURS_C++\Morpion\Debug\link.704.read.1.tlog
C:\Users\aob\Documents\visual studio 2012\Projects\COURS_C++\Morpion\Debug\link.704.write.1.tlog
C:\Users\aob\Documents\visual studio 2012\Projects\COURS_C++\Morpion\Debug\link.command.1.tlog
C:\Users\aob\Documents\visual studio 2012\Projects\COURS_C++\Morpion\Debug\link.read.1.tlog
C:\Users\aob\Documents\visual studio 2012\Projects\COURS_C++\Morpion\Debug\link.write.1.tlog
C:\Users\aob\Documents\visual studio 2012\Projects\COURS_C++\Morpion\Debug\metagen.read.1.tlog
C:\Users\aob\Documents\visual studio 2012\Projects\COURS_C++\Morpion\Debug\metagen.write.1.tlog
C:\Users\aob\Documents\visual studio 2012\Projects\COURS_C++\Morpion\Debug\Morpion.write.1.tlog
C:\Users\aob\Documents\visual studio 2012\Projects\COURS_C++\Morpion\Debug\rc.command.1.tlog
C:\Users\aob\Documents\visual studio 2012\Projects\COURS_C++\Morpion\Debug\rc.read.1.tlog
C:\Users\aob\Documents\visual studio 2012\Projects\COURS_C++\Morpion\Debug\rc.write.1.tlog
C:\Users\aob\Documents\visual studio 2012\Projects\COURS_C++\Morpion\Debug\app.res
C:\Users\aob\Documents\visual studio 2012\Projects\COURS_C++\Morpion\Debug\Morpion.pch
C:\Users\aob\Documents\visual studio 2012\Projects\COURS_C++\Morpion\Debug\vc110.pdb
C:\Users\aob\Documents\visual studio 2012\Projects\COURS_C++\Morpion\Debug\TZRES.DLL.bi
C:\Users\aob\Documents\visual studio 2012\Projects\COURS_C++\Debug\Morpion.pdb
C:\Users\aob\Documents\visual studio 2012\Projects\COURS_C++\Debug\Morpion.exe
C:\Users\aob\Documents\visual studio 2012\Projects\COURS_C++\Debug\Morpion.ilk
