C:\USERS\AOB\DOCUMENTS\VISUAL STUDIO 2012\PROJECTS\COURS_C++\NOMBRE_MYSTERE\DEBUG\VC110.PDB
C:\USERS\AOB\DOCUMENTS\VISUAL STUDIO 2012\PROJECTS\COURS_C++\NOMBRE_MYSTERE\DEBUG\MYSTERE.OBJ
C:\USERS\AOB\DOCUMENTS\VISUAL STUDIO 2012\PROJECTS\COURS_C++\DEBUG\NOMBRE_MYSTERE.ILK
C:\USERS\AOB\DOCUMENTS\VISUAL STUDIO 2012\PROJECTS\COURS_C++\DEBUG\NOMBRE_MYSTERE.EXE
C:\USERS\AOB\DOCUMENTS\VISUAL STUDIO 2012\PROJECTS\COURS_C++\DEBUG\NOMBRE_MYSTERE.PDB
C:\Users\aob\documents\visual studio 2012\Projects\COURS_C++\NOMBRE_MYSTERE\Debug\mystere.obj
C:\Users\aob\documents\visual studio 2012\Projects\COURS_C++\NOMBRE_MYSTERE\Debug\cl.command.1.tlog
C:\Users\aob\documents\visual studio 2012\Projects\COURS_C++\NOMBRE_MYSTERE\Debug\CL.read.1.tlog
C:\Users\aob\documents\visual studio 2012\Projects\COURS_C++\NOMBRE_MYSTERE\Debug\CL.write.1.tlog
C:\Users\aob\documents\visual studio 2012\Projects\COURS_C++\NOMBRE_MYSTERE\Debug\link-cvtres.read.1.tlog
C:\Users\aob\documents\visual studio 2012\Projects\COURS_C++\NOMBRE_MYSTERE\Debug\link-cvtres.write.1.tlog
C:\Users\aob\documents\visual studio 2012\Projects\COURS_C++\NOMBRE_MYSTERE\Debug\link-rc.read.1.tlog
C:\Users\aob\documents\visual studio 2012\Projects\COURS_C++\NOMBRE_MYSTERE\Debug\link-rc.write.1.tlog
C:\Users\aob\documents\visual studio 2012\Projects\COURS_C++\NOMBRE_MYSTERE\Debug\link.command.1.tlog
C:\Users\aob\documents\visual studio 2012\Projects\COURS_C++\NOMBRE_MYSTERE\Debug\link.read.1.tlog
C:\Users\aob\documents\visual studio 2012\Projects\COURS_C++\NOMBRE_MYSTERE\Debug\link.write.1.tlog
C:\Users\aob\documents\visual studio 2012\Projects\COURS_C++\NOMBRE_MYSTERE\Debug\vc110.idb
C:\Users\aob\documents\visual studio 2012\Projects\COURS_C++\NOMBRE_MYSTERE\Debug\vc110.pdb
C:\Users\aob\documents\visual studio 2012\Projects\COURS_C++\Debug\NOMBRE_MYSTERE.pdb
C:\Users\aob\documents\visual studio 2012\Projects\COURS_C++\Debug\NOMBRE_MYSTERE.exe
C:\Users\aob\documents\visual studio 2012\Projects\COURS_C++\Debug\NOMBRE_MYSTERE.ilk
